
2019-08-23 21:50:22...installerHook: Info: custom/install/install_hooks.php not present, no custom hooks to execute
2019-08-23 21:50:37...Begin System Check Process *************
2019-08-23 21:50:37...XML Parsing Support Found
2019-08-23 21:50:37...MBString Support Found
2019-08-23 21:50:37...ZIP Support Found
2019-08-23 21:50:37.../custom directory and subdirectory check passed
2019-08-23 21:50:37...cache directory and subdirectory check passed
2019-08-23 21:50:38.../module  directory and subdirectory check passed
2019-08-23 21:50:38...ERROR: Upload directory is not writable.
2019-08-23 21:50:38.../zip check passed
2019-08-23 21:50:38...PCRE version check passed
2019-08-23 21:50:38...installerHook: Info: custom/install/install_hooks.php not present, no custom hooks to execute
2019-08-23 21:50:38...php.ini location found. C:\Apache\php\php.ini
2019-08-23 21:50:38...Outputting HTML for System check
2019-08-23 21:50:38...Errors were found *************
2019-08-23 21:52:20...Begin System Check Process *************
2019-08-23 21:52:20...XML Parsing Support Found
2019-08-23 21:52:20...MBString Support Found
2019-08-23 21:52:20...ZIP Support Found
2019-08-23 21:52:20.../custom directory and subdirectory check passed
2019-08-23 21:52:20...cache directory and subdirectory check passed
2019-08-23 21:52:21.../module  directory and subdirectory check passed
2019-08-23 21:52:21.../upload directory check passed
2019-08-23 21:52:21.../zip check passed
2019-08-23 21:52:21...PCRE version check passed
2019-08-23 21:52:21...installerHook: Info: custom/install/install_hooks.php not present, no custom hooks to execute
2019-08-23 21:52:21...php.ini location found. C:\Apache\php\php.ini
2019-08-23 21:52:21...Outputting HTML for System check
2019-08-23 21:52:21...No Errors were found *************
2019-08-23 21:52:56...installerHook: Info: custom/install/install_hooks.php not present, no custom hooks to execute
2019-08-23 22:29:34...installerHook: Info: custom/install/install_hooks.php not present, no custom hooks to execute
2019-08-23 22:29:37...Begin System Check Process *************
2019-08-23 22:29:37...XML Parsing Support Found
2019-08-23 22:29:37...MBString Support Found
2019-08-23 22:29:37...ZIP Support Found
2019-08-23 22:29:37.../custom directory and subdirectory check passed
2019-08-23 22:29:37...cache directory and subdirectory check passed
2019-08-23 22:29:39.../module  directory and subdirectory check passed
2019-08-23 22:29:39.../upload directory check passed
2019-08-23 22:29:39.../zip check passed
2019-08-23 22:29:39...PCRE version check passed
2019-08-23 22:29:39...installerHook: Info: custom/install/install_hooks.php not present, no custom hooks to execute
2019-08-23 22:29:39...php.ini location found. C:\Apache\php\php.ini
2019-08-23 22:29:39...Outputting HTML for System check
2019-08-23 22:29:39...No Errors were found *************
2019-08-23 22:29:39...installerHook: Info: custom/install/install_hooks.php not present, no custom hooks to execute
2019-08-23 22:31:00...installerHook: Info: custom/install/install_hooks.php not present, no custom hooks to execute
2019-08-23 22:36:00...Begin DB Check Process *************
2019-08-23 22:36:00...testing with mysql:mysqli
2019-08-23 22:36:00...Basic form info is valid, continuing Process.
2019-08-23 22:36:00...Testing user account...
2019-08-23 22:36:03...ERROR::  The provided database host, username, and/or password is invalid, and a connection to the database could not be established. Please enter a valid host, username and password
2019-08-23 22:36:03...FATAL:: errors have been detected!  User will not be allowed to continue.  Errors are as follow:
2019-08-23 22:36:03..... The provided database host, username, and/or password is invalid, and a connection to the database could not be established. Please enter a valid host, username and password
2019-08-23 22:36:03...End DB Check Process *************
2019-08-23 22:36:45...Begin DB Check Process *************
2019-08-23 22:36:45...testing with mysql:mysqli
2019-08-23 22:36:45...Basic form info is valid, continuing Process.
2019-08-23 22:36:45...Testing user account...
2019-08-23 22:36:47...ERROR::  The provided database host, username, and/or password is invalid, and a connection to the database could not be established. Please enter a valid host, username and password
2019-08-23 22:36:47...FATAL:: errors have been detected!  User will not be allowed to continue.  Errors are as follow:
2019-08-23 22:36:47..... The provided database host, username, and/or password is invalid, and a connection to the database could not be established. Please enter a valid host, username and password
2019-08-23 22:36:47...End DB Check Process *************
2019-08-23 22:43:34...installerHook: Info: custom/install/install_hooks.php not present, no custom hooks to execute
2019-08-23 22:43:40...installerHook: Info: custom/install/install_hooks.php not present, no custom hooks to execute
2019-08-23 22:43:59...Begin DB Check Process *************
2019-08-23 22:43:59...testing with mysql:mysqli
2019-08-23 22:43:59...Basic form info is valid, continuing Process.
2019-08-23 22:43:59...Testing user account...
2019-08-23 22:44:01...ERROR::  The provided database host, username, and/or password is invalid, and a connection to the database could not be established. Please enter a valid host, username and password
2019-08-23 22:44:01...FATAL:: errors have been detected!  User will not be allowed to continue.  Errors are as follow:
2019-08-23 22:44:01..... The provided database host, username, and/or password is invalid, and a connection to the database could not be established. Please enter a valid host, username and password
2019-08-23 22:44:01...End DB Check Process *************
2019-08-23 22:47:22...Begin DB Check Process *************
2019-08-23 22:47:22...testing with mysql:mysqli
2019-08-23 22:47:22...Basic form info is valid, continuing Process.
2019-08-23 22:47:22...Testing user account...
2019-08-23 22:47:24...ERROR::  The provided database host, username, and/or password is invalid, and a connection to the database could not be established. Please enter a valid host, username and password
2019-08-23 22:47:24...FATAL:: errors have been detected!  User will not be allowed to continue.  Errors are as follow:
2019-08-23 22:47:24..... The provided database host, username, and/or password is invalid, and a connection to the database could not be established. Please enter a valid host, username and password
2019-08-23 22:47:24...End DB Check Process *************
2019-08-23 22:49:04...Begin DB Check Process *************
2019-08-23 22:49:04...testing with mysql:mysqli
2019-08-23 22:49:04...Basic form info is valid, continuing Process.
2019-08-23 22:49:04...Testing user account...
2019-08-23 22:49:04...ERROR::  The provided database host, username, and/or password is invalid, and a connection to the database could not be established. Please enter a valid host, username and password
2019-08-23 22:49:04...FATAL:: errors have been detected!  User will not be allowed to continue.  Errors are as follow:
2019-08-23 22:49:04..... The provided database host, username, and/or password is invalid, and a connection to the database could not be established. Please enter a valid host, username and password
2019-08-23 22:49:04...End DB Check Process *************
2019-08-23 22:49:26...Begin DB Check Process *************
2019-08-23 22:49:26...testing with mysql:mysqli
2019-08-23 22:49:26...Basic form info is valid, continuing Process.
2019-08-23 22:49:26...Testing user account...
2019-08-23 22:49:26...ERROR::  The provided database host, username, and/or password is invalid, and a connection to the database could not be established. Please enter a valid host, username and password
2019-08-23 22:49:26...FATAL:: errors have been detected!  User will not be allowed to continue.  Errors are as follow:
2019-08-23 22:49:26..... The provided database host, username, and/or password is invalid, and a connection to the database could not be established. Please enter a valid host, username and password
2019-08-23 22:49:26...End DB Check Process *************
2019-08-23 22:51:35...Begin DB Check Process *************
2019-08-23 22:51:35...testing with mysql:mysqli
2019-08-23 22:51:35...Basic form info is valid, continuing Process.
2019-08-23 22:51:35...Testing user account...
2019-08-23 22:51:35...Connection made using  host: localhost, usr: root
2019-08-23 22:51:35...SUCCESS:: no errors detected!
2019-08-23 22:51:35...End DB Check Process *************
2019-08-23 22:51:36...installerHook: Info: custom/install/install_hooks.php not present, no custom hooks to execute
2019-08-23 22:51:36...calling handleSugarConfig()
2019-08-23 22:51:36...calling handleHtaccess()
2019-08-23 22:51:36...calling handleDbCreateDatabase()
2019-08-23 22:51:36...looping through all the Beans and create their tables
2019-08-23 22:51:36...processing table acl_actions
2019-08-23 22:51:36...creating table acl_actions
2019-08-23 22:51:36...creating Relationship Meta for ACLAction
2019-08-23 22:51:36...processing table acl_roles
2019-08-23 22:51:36...creating table acl_roles
2019-08-23 22:51:36...creating Relationship Meta for ACLRole
2019-08-23 22:51:37...processing table relationships
2019-08-23 22:51:37...creating table relationships
2019-08-23 22:51:37...creating Relationship Meta for Relationship
2019-08-23 22:51:37...processing table leads
2019-08-23 22:51:41...creating table leads
2019-08-23 22:51:41...creating Relationship Meta for Lead
2019-08-23 22:51:42...processing table cases
2019-08-23 22:51:42...creating table cases
2019-08-23 22:51:42...creating Relationship Meta for Case
2019-08-23 22:51:42...processing table bugs
2019-08-23 22:51:43...creating table bugs
2019-08-23 22:51:43...creating Relationship Meta for Bug
2019-08-23 22:51:43...processing table users
2019-08-23 22:51:44...creating table users
2019-08-23 22:51:44...creating Relationship Meta for User
2019-08-23 22:51:44...processing table campaign_log
2019-08-23 22:51:44...creating table campaign_log
2019-08-23 22:51:44...creating Relationship Meta for CampaignLog
2019-08-23 22:51:44...processing table project
2019-08-23 22:51:44...creating table project
2019-08-23 22:51:44...creating Relationship Meta for Project
2019-08-23 22:51:44...processing table project_task
2019-08-23 22:51:45...creating table project_task
2019-08-23 22:51:45...creating Relationship Meta for ProjectTask
2019-08-23 22:51:45...processing table campaigns
2019-08-23 22:51:46...creating table campaigns
2019-08-23 22:51:46...creating Relationship Meta for Campaign
2019-08-23 22:51:46...processing table prospect_lists
2019-08-23 22:51:47...creating table prospect_lists
2019-08-23 22:51:47...creating Relationship Meta for ProspectList
2019-08-23 22:51:47...processing table prospects
2019-08-23 22:51:47...creating table prospects
2019-08-23 22:51:47...creating Relationship Meta for Prospect
2019-08-23 22:51:47...processing table email_marketing
2019-08-23 22:51:48...creating table email_marketing
2019-08-23 22:51:48...creating Relationship Meta for EmailMarketing
2019-08-23 22:51:48...processing table campaign_trkrs
2019-08-23 22:51:48...creating table campaign_trkrs
2019-08-23 22:51:48...creating Relationship Meta for CampaignTracker
2019-08-23 22:51:48...processing table releases
2019-08-23 22:51:48...creating table releases
2019-08-23 22:51:48...creating Relationship Meta for Release
2019-08-23 22:51:48...processing table emailman
2019-08-23 22:51:48...creating table emailman
2019-08-23 22:51:48...creating Relationship Meta for EmailMan
2019-08-23 22:51:48...processing table schedulers
2019-08-23 22:51:48...creating table schedulers
2019-08-23 22:51:48...creating Relationship Meta for Scheduler
2019-08-23 22:51:48...processing table job_queue
2019-08-23 22:51:48...creating table job_queue
2019-08-23 22:51:48...creating Relationship Meta for SchedulersJob
2019-08-23 22:51:49...processing table contacts
2019-08-23 22:51:49...creating table contacts
2019-08-23 22:51:49...creating Relationship Meta for Contact
2019-08-23 22:51:49...processing table accounts
2019-08-23 22:51:50...creating table accounts
2019-08-23 22:51:50...creating Relationship Meta for Account
2019-08-23 22:51:50...processing table opportunities
2019-08-23 22:51:50...creating table opportunities
2019-08-23 22:51:50...creating Relationship Meta for Opportunity
2019-08-23 22:51:51...processing table email_templates
2019-08-23 22:51:51...creating table email_templates
2019-08-23 22:51:51...creating Relationship Meta for EmailTemplate
2019-08-23 22:51:51...processing table notes
2019-08-23 22:51:52...creating table notes
2019-08-23 22:51:52...creating Relationship Meta for Note
2019-08-23 22:51:52...processing table calls
2019-08-23 22:51:53...creating table calls
2019-08-23 22:51:53...creating Relationship Meta for Call
2019-08-23 22:51:53...processing table emails
2019-08-23 22:51:53...creating table emails
2019-08-23 22:51:53...creating Relationship Meta for Email
2019-08-23 22:51:53...processing table meetings
2019-08-23 22:51:54...creating table meetings
2019-08-23 22:51:54...creating Relationship Meta for Meeting
2019-08-23 22:51:54...processing table tasks
2019-08-23 22:51:54...creating table tasks
2019-08-23 22:51:54...creating Relationship Meta for Task
2019-08-23 22:51:54...processing table users
2019-08-23 22:51:54...processing table users
2019-08-23 22:51:54...processing table currencies
2019-08-23 22:51:54...creating table currencies
2019-08-23 22:51:54...creating Relationship Meta for Currency
2019-08-23 22:51:54...processing table tracker
2019-08-23 22:51:54...creating table tracker
2019-08-23 22:51:54...creating Relationship Meta for Tracker
2019-08-23 22:51:55...processing table import_maps
2019-08-23 22:51:55...creating table import_maps
2019-08-23 22:51:55...creating Relationship Meta for ImportMap
2019-08-23 22:51:55...processing table users_last_import
2019-08-23 22:51:55...creating table users_last_import
2019-08-23 22:51:55...creating Relationship Meta for UsersLastImport
2019-08-23 22:51:55...processing table config
2019-08-23 22:51:55...creating table config
2019-08-23 22:51:55...creating Relationship Meta for Administration
2019-08-23 22:51:55...processing table upgrade_history
2019-08-23 22:51:55...creating table upgrade_history
2019-08-23 22:51:55...creating Relationship Meta for UpgradeHistory
2019-08-23 22:51:55...processing table vcals
2019-08-23 22:51:55...creating table vcals
2019-08-23 22:51:55...creating Relationship Meta for vCal
2019-08-23 22:51:55...processing table alerts
2019-08-23 22:51:55...creating table alerts
2019-08-23 22:51:55...creating Relationship Meta for Alert
2019-08-23 22:51:56...processing table roles
2019-08-23 22:51:56...creating table roles
2019-08-23 22:51:56...creating Relationship Meta for Role
2019-08-23 22:51:56...processing table documents
2019-08-23 22:51:56...creating table documents
2019-08-23 22:51:56...creating Relationship Meta for Document
2019-08-23 22:51:56...processing table document_revisions
2019-08-23 22:51:56...creating table document_revisions
2019-08-23 22:51:56...creating Relationship Meta for DocumentRevision
2019-08-23 22:51:56...processing table fields_meta_data
2019-08-23 22:51:56...creating table fields_meta_data
2019-08-23 22:51:56...creating Relationship Meta for FieldsMetaData
2019-08-23 22:51:56...processing table inbound_email
2019-08-23 22:51:57...creating table inbound_email
2019-08-23 22:51:57...creating Relationship Meta for InboundEmail
2019-08-23 22:51:57...processing table saved_search
2019-08-23 22:51:57...creating table saved_search
2019-08-23 22:51:57...creating Relationship Meta for SavedSearch
2019-08-23 22:51:57...processing table user_preferences
2019-08-23 22:51:57...creating table user_preferences
2019-08-23 22:51:57...creating Relationship Meta for UserPreference
2019-08-23 22:51:57...processing table 
2019-08-23 22:51:57...processing table email_addresses
2019-08-23 22:51:57...creating table email_addresses
2019-08-23 22:51:57...creating Relationship Meta for EmailAddress
2019-08-23 22:51:57...processing table emails_text
2019-08-23 22:51:57...creating table emails_text
2019-08-23 22:51:57...creating Relationship Meta for EmailText
2019-08-23 22:51:57...processing table spots
2019-08-23 22:51:58...creating table spots
2019-08-23 22:51:58...creating Relationship Meta for Spots
2019-08-23 22:51:59...processing table aobh_businesshours
2019-08-23 22:51:59...creating table aobh_businesshours
2019-08-23 22:51:59...creating Relationship Meta for AOBH_BusinessHours
2019-08-23 22:51:59...processing table sugarfeed
2019-08-23 22:51:59...creating table sugarfeed
2019-08-23 22:51:59...creating Relationship Meta for SugarFeed
2019-08-23 22:51:59...processing table eapm
2019-08-23 22:51:59...creating table eapm
2019-08-23 22:51:59...creating Relationship Meta for EAPM
2019-08-23 22:51:59...processing table oauth_consumer
2019-08-23 22:51:59...creating table oauth_consumer
2019-08-23 22:51:59...creating Relationship Meta for OAuthKey
2019-08-23 22:51:59...processing table oauth_tokens
2019-08-23 22:52:00...creating table oauth_tokens
2019-08-23 22:52:00...creating Relationship Meta for OAuthToken
2019-08-23 22:52:00...processing table am_projecttemplates
2019-08-23 22:52:00...creating table am_projecttemplates
2019-08-23 22:52:00...creating Relationship Meta for AM_ProjectTemplates
2019-08-23 22:52:00...processing table am_tasktemplates
2019-08-23 22:52:01...creating table am_tasktemplates
2019-08-23 22:52:01...creating Relationship Meta for AM_TaskTemplates
2019-08-23 22:52:01...processing table favorites
2019-08-23 22:52:01...creating table favorites
2019-08-23 22:52:01...creating Relationship Meta for Favorites
2019-08-23 22:52:01...processing table aok_knowledge_base_categories
2019-08-23 22:52:02...creating table aok_knowledge_base_categories
2019-08-23 22:52:02...creating Relationship Meta for AOK_Knowledge_Base_Categories
2019-08-23 22:52:02...processing table aok_knowledgebase
2019-08-23 22:52:02...creating table aok_knowledgebase
2019-08-23 22:52:02...creating Relationship Meta for AOK_KnowledgeBase
2019-08-23 22:52:02...processing table reminders
2019-08-23 22:52:02...creating table reminders
2019-08-23 22:52:02...creating Relationship Meta for Reminder
2019-08-23 22:52:02...processing table reminders_invitees
2019-08-23 22:52:03...creating table reminders_invitees
2019-08-23 22:52:03...creating Relationship Meta for Reminder_Invitee
2019-08-23 22:52:03...processing table fp_events
2019-08-23 22:52:03...creating table fp_events
2019-08-23 22:52:03...creating Relationship Meta for FP_events
2019-08-23 22:52:03...processing table fp_event_locations
2019-08-23 22:52:03...creating table fp_event_locations
2019-08-23 22:52:03...creating Relationship Meta for FP_Event_Locations
2019-08-23 22:52:03...processing table aod_indexevent
2019-08-23 22:52:04...creating table aod_indexevent
2019-08-23 22:52:04...creating Relationship Meta for AOD_IndexEvent
2019-08-23 22:52:04...processing table aod_index
2019-08-23 22:52:04...creating table aod_index
2019-08-23 22:52:04...creating Relationship Meta for AOD_Index
2019-08-23 22:52:05...processing table aop_case_events
2019-08-23 22:52:05...creating table aop_case_events
2019-08-23 22:52:05...creating Relationship Meta for AOP_Case_Events
2019-08-23 22:52:05...processing table aop_case_updates
2019-08-23 22:52:06...creating table aop_case_updates
2019-08-23 22:52:06...creating Relationship Meta for AOP_Case_Updates
2019-08-23 22:52:06...processing table aor_reports
2019-08-23 22:52:06...creating table aor_reports
2019-08-23 22:52:06...creating Relationship Meta for AOR_Report
2019-08-23 22:52:06...processing table aor_fields
2019-08-23 22:52:06...creating table aor_fields
2019-08-23 22:52:06...creating Relationship Meta for AOR_Field
2019-08-23 22:52:06...processing table aor_charts
2019-08-23 22:52:07...creating table aor_charts
2019-08-23 22:52:07...creating Relationship Meta for AOR_Chart
2019-08-23 22:52:07...processing table aor_conditions
2019-08-23 22:52:07...creating table aor_conditions
2019-08-23 22:52:07...creating Relationship Meta for AOR_Condition
2019-08-23 22:52:07...processing table aor_scheduled_reports
2019-08-23 22:52:07...creating table aor_scheduled_reports
2019-08-23 22:52:07...creating Relationship Meta for AOR_Scheduled_Reports
2019-08-23 22:52:07...processing table aos_contracts
2019-08-23 22:52:08...creating table aos_contracts
2019-08-23 22:52:08...creating Relationship Meta for AOS_Contracts
2019-08-23 22:52:08...processing table aos_invoices
2019-08-23 22:52:09...creating table aos_invoices
2019-08-23 22:52:09...creating Relationship Meta for AOS_Invoices
2019-08-23 22:52:09...processing table aos_pdf_templates
2019-08-23 22:52:09...creating table aos_pdf_templates
2019-08-23 22:52:09...creating Relationship Meta for AOS_PDF_Templates
2019-08-23 22:52:09...processing table aos_product_categories
2019-08-23 22:52:10...creating table aos_product_categories
2019-08-23 22:52:10...creating Relationship Meta for AOS_Product_Categories
2019-08-23 22:52:10...processing table aos_products
2019-08-23 22:52:10...creating table aos_products
2019-08-23 22:52:10...creating Relationship Meta for AOS_Products
2019-08-23 22:52:10...processing table aos_products_quotes
2019-08-23 22:52:12...creating table aos_products_quotes
2019-08-23 22:52:12...creating Relationship Meta for AOS_Products_Quotes
2019-08-23 22:52:12...processing table aos_line_item_groups
2019-08-23 22:52:12...creating table aos_line_item_groups
2019-08-23 22:52:12...creating Relationship Meta for AOS_Line_Item_Groups
2019-08-23 22:52:12...processing table aos_quotes
2019-08-23 22:52:12...creating table aos_quotes
2019-08-23 22:52:12...creating Relationship Meta for AOS_Quotes
2019-08-23 22:52:12...processing table aow_actions
2019-08-23 22:52:12...creating table aow_actions
2019-08-23 22:52:12...creating Relationship Meta for AOW_Action
2019-08-23 22:52:13...processing table aow_workflow
2019-08-23 22:52:13...creating table aow_workflow
2019-08-23 22:52:13...creating Relationship Meta for AOW_WorkFlow
2019-08-23 22:52:13...processing table aow_processed
2019-08-23 22:52:13...creating table aow_processed
2019-08-23 22:52:13...creating Relationship Meta for AOW_Processed
2019-08-23 22:52:13...processing table aow_conditions
2019-08-23 22:52:14...creating table aow_conditions
2019-08-23 22:52:14...creating Relationship Meta for AOW_Condition
2019-08-23 22:52:14...processing table jjwg_maps
2019-08-23 22:52:15...creating table jjwg_maps
2019-08-23 22:52:15...creating Relationship Meta for jjwg_Maps
2019-08-23 22:52:15...processing table jjwg_markers
2019-08-23 22:52:15...creating table jjwg_markers
2019-08-23 22:52:15...creating Relationship Meta for jjwg_Markers
2019-08-23 22:52:15...processing table jjwg_areas
2019-08-23 22:52:16...creating table jjwg_areas
2019-08-23 22:52:16...creating Relationship Meta for jjwg_Areas
2019-08-23 22:52:16...processing table jjwg_address_cache
2019-08-23 22:52:16...creating table jjwg_address_cache
2019-08-23 22:52:16...creating Relationship Meta for jjwg_Address_Cache
2019-08-23 22:52:17...processing table calls_reschedule
2019-08-23 22:52:17...creating table calls_reschedule
2019-08-23 22:52:17...creating Relationship Meta for Calls_Reschedule
2019-08-23 22:52:17...processing table securitygroups
2019-08-23 22:52:18...creating table securitygroups
2019-08-23 22:52:18...creating Relationship Meta for SecurityGroup
2019-08-23 22:52:18...processing table outbound_email
2019-08-23 22:52:18...creating table outbound_email
2019-08-23 22:52:18...creating Relationship Meta for OutboundEmailAccounts
2019-08-23 22:52:19...processing table templatesectionline
2019-08-23 22:52:19...creating table templatesectionline
2019-08-23 22:52:19...creating Relationship Meta for TemplateSectionLine
2019-08-23 22:52:19...processing table oauth2tokens
2019-08-23 22:52:19...creating table oauth2tokens
2019-08-23 22:52:19...creating Relationship Meta for OAuth2Tokens
2019-08-23 22:52:20...processing table oauth2clients
2019-08-23 22:52:20...creating table oauth2clients
2019-08-23 22:52:20...creating Relationship Meta for OAuth2Clients
2019-08-23 22:52:20...processing table surveyresponses
2019-08-23 22:52:20...creating table surveyresponses
2019-08-23 22:52:20...creating Relationship Meta for SurveyResponses
2019-08-23 22:52:20...processing table surveys
2019-08-23 22:52:20...creating table surveys
2019-08-23 22:52:20...creating Relationship Meta for Surveys
2019-08-23 22:52:21...processing table surveyquestionresponses
2019-08-23 22:52:22...creating table surveyquestionresponses
2019-08-23 22:52:22...creating Relationship Meta for SurveyQuestionResponses
2019-08-23 22:52:22...processing table surveyquestions
2019-08-23 22:52:22...creating table surveyquestions
2019-08-23 22:52:22...creating Relationship Meta for SurveyQuestions
2019-08-23 22:52:22...processing table surveyquestionoptions
2019-08-23 22:52:22...creating table surveyquestionoptions
2019-08-23 22:52:22...creating Relationship Meta for SurveyQuestionOptions
2019-08-23 22:52:32...Begin creating Defaults
2019-08-23 22:52:32...insert defaults into config table
2019-08-23 22:52:32...Creating default users
2019-08-23 22:52:33...Creating default scheduler jobs
2019-08-23 22:52:34...Creating default encryption key...
2019-08-23 22:52:34...Enable SugarFeeds
2019-08-23 22:52:34...Installation has completed *********
2019-08-23 22:52:59...populating the db with seed data
2019-08-23 22:52:59...Save configuration settings..
2019-08-23 22:52:59...save locale
2019-08-23 22:52:59...new Administration
2019-08-23 22:52:59...retrieveSettings
2019-08-23 22:52:59...AdminWizard OFF
2019-08-23 22:52:59...saveConfig
2019-08-23 22:52:59...new Configurator
2019-08-23 22:52:59...populateFromPost
2019-08-23 22:52:59...handleOverride
2019-08-23 22:52:59...addCronAllowedUser
2019-08-23 22:52:59...saveConfig
2019-08-23 22:52:59...new Currency
2019-08-23 22:52:59...retrieve
2019-08-23 22:52:59...DBG: save currency
2019-08-23 22:52:59...Save user settings..
2019-08-23 22:52:59...DBG: SugarThemeRegistry::getDefault
2019-08-23 22:53:10...installerHook: Info: custom/install/install_hooks.php not present, no custom hooks to execute