Mon, 16 Sep 2019 23:00:29 +0200 [UpgradeWizard] - setting session variables...
Mon, 16 Sep 2019 23:00:30 +0200 [UpgradeWizard] - -----------------------------------------------------------------------------
Mon, 16 Sep 2019 23:00:30 +0200 [UpgradeWizard] - Upgrade started. At start.php
Mon, 16 Sep 2019 23:00:30 +0200 [UpgradeWizard] - at unlinkUWTempFiles()
Mon, 16 Sep 2019 23:00:30 +0200 [UpgradeWizard] - finished!
Mon, 16 Sep 2019 23:00:30 +0200 [UpgradeWizard] - resetting $_SESSION
Mon, 16 Sep 2019 23:05:28 +0200 [UpgradeWizard] - setting session variables...
Mon, 16 Sep 2019 23:05:28 +0200 [UpgradeWizard] - [At systemCheck.php]
Mon, 16 Sep 2019 23:05:28 +0200 [UpgradeWizard] - Starting file permission check...
Mon, 16 Sep 2019 23:16:16 +0200 [UpgradeWizard] - Finished file permission check.
Mon, 16 Sep 2019 23:16:16 +0200 [UpgradeWizard] - Starting database permissions check...
Mon, 16 Sep 2019 23:16:16 +0200 [UpgradeWizard] - Checking CREATE TABLE permissions...
Mon, 16 Sep 2019 23:16:16 +0200 [UpgradeWizard] - Checking INSERT INTO permissions...
Mon, 16 Sep 2019 23:16:16 +0200 [UpgradeWizard] - Checking UPDATE TABLE permissions...
Mon, 16 Sep 2019 23:16:16 +0200 [UpgradeWizard] - Checking SELECT permissions...
Mon, 16 Sep 2019 23:16:16 +0200 [UpgradeWizard] - Checking DELETE FROM permissions...
Mon, 16 Sep 2019 23:16:16 +0200 [UpgradeWizard] - Checking ALTER TABLE ADD COLUMN permissions...
Mon, 16 Sep 2019 23:16:16 +0200 [UpgradeWizard] - Checking ALTER TABLE CHANGE COLUMN permissions...
Mon, 16 Sep 2019 23:16:17 +0200 [UpgradeWizard] - Checking ALTER TABLE DROP COLUMN permissions...
Mon, 16 Sep 2019 23:16:17 +0200 [UpgradeWizard] - Checking DROP TABLE permissions...
Mon, 16 Sep 2019 23:16:17 +0200 [UpgradeWizard] - No permissions errors found!
Mon, 16 Sep 2019 23:16:17 +0200 [UpgradeWizard] - Finished database permissions check.
Mon, 16 Sep 2019 23:16:29 +0200 [UpgradeWizard] - setting session variables...
Mon, 16 Sep 2019 23:16:29 +0200 [UpgradeWizard] - At upload.php
Mon, 16 Sep 2019 23:16:29 +0200 [UpgradeWizard] - finding new files for upgrade
Mon, 16 Sep 2019 23:16:29 +0200 [UpgradeWizard] - *** UW using [  ] as source for patch files.
Mon, 16 Sep 2019 23:17:56 +0200 [UpgradeWizard] - setting session variables...
Mon, 16 Sep 2019 23:17:56 +0200 [UpgradeWizard] - [At cancel.php]
Mon, 16 Sep 2019 23:17:56 +0200 [UpgradeWizard] - cleaning up files and session.  goodbye.
Mon, 16 Sep 2019 23:17:56 +0200 [UpgradeWizard] - at unlinkUWTempFiles()
Mon, 16 Sep 2019 23:17:56 +0200 [UpgradeWizard] - finished!
Mon, 16 Sep 2019 23:17:56 +0200 [UpgradeWizard] - resetting $_SESSION
